umeng/build/outputs/logs/manifest-merger-debug-report.txt
-- Merging decision tree log ---
manifest
ADDED from src\main\AndroidManifest.xml:1:1-108:12
INJECTED from src\main\AndroidManifest.xml:1:1-108:12
INJECTED from src\main\AndroidManifest.xml:1:1-108:12
	package
		ADDED from src\main\AndroidManifest.xml:3:5-28
		INJECTED from src\main\AndroidManifest.xml
		INJECTED from src\main\AndroidManifest.xml
	xmlns:tools
		ADDED from src\main\AndroidManifest.xml:1:11-57
	xmlns:android
		ADDED from src\main\AndroidManifest.xml:2:5-63
uses-permission#android.permission.ACCESS_NETWORK_STATE
ADDED from src\main\AndroidManifest.xml:6:5-78
	android:name
		ADDED from src\main\AndroidManifest.xml:6:22-76
uses-permission#android.permission.ACCESS_WIFI_STATE
ADDED from src\main\AndroidManifest.xml:7:5-75
	android:name
		ADDED from src\main\AndroidManifest.xml:7:22-73
uses-permission#android.permission.READ_PHONE_STATE
ADDED from src\main\AndroidManifest.xml:8:5-74
	android:name
		ADDED from src\main\AndroidManifest.xml:8:22-72
uses-permission#android.permission.INTERNET
ADDED from src\main\AndroidManifest.xml:9:5-66
	android:name
		ADDED from src\main\AndroidManifest.xml:9:22-64
uses-permission#android.permission.WRITE_EXTERNAL_STORAGE
ADDED from src\main\AndroidManifest.xml:15:5-80
	android:name
		ADDED from src\main\AndroidManifest.xml:15:22-78
uses-permission#android.permission.READ_EXTERNAL_STORAGE
ADDED from src\main\AndroidManifest.xml:16:5-79
	android:name
		ADDED from src\main\AndroidManifest.xml:16:22-77
application
ADDED from src\main\AndroidManifest.xml:18:5-106:19
meta-data#UMENG_CHANNEL
ADDED from src\main\AndroidManifest.xml:21:9-23:54
	android:value
		ADDED from src\main\AndroidManifest.xml:23:13-51
	android:name
		ADDED from src\main\AndroidManifest.xml:22:13-41
meta-data#UMENG_APPKEY
ADDED from src\main\AndroidManifest.xml:26:9-28:50
	android:value
		ADDED from src\main\AndroidManifest.xml:28:13-47
	android:name
		ADDED from src\main\AndroidManifest.xml:27:13-40
meta-data#QQ_APPID
ADDED from src\main\AndroidManifest.xml:31:9-33:46
	android:value
		ADDED from src\main\AndroidManifest.xml:33:13-43
	android:name
		ADDED from src\main\AndroidManifest.xml:32:13-36
meta-data#QQ_APPKEY
ADDED from src\main\AndroidManifest.xml:35:9-37:47
	android:value
		ADDED from src\main\AndroidManifest.xml:37:13-44
	android:name
		ADDED from src\main\AndroidManifest.xml:36:13-37
meta-data#WX_APPID
ADDED from src\main\AndroidManifest.xml:40:9-42:46
	android:value
		ADDED from src\main\AndroidManifest.xml:42:13-43
	android:name
		ADDED from src\main\AndroidManifest.xml:41:13-36
meta-data#WX_APPKEY
ADDED from src\main\AndroidManifest.xml:44:9-46:47
	android:value
		ADDED from src\main\AndroidManifest.xml:46:13-44
	android:name
		ADDED from src\main\AndroidManifest.xml:45:13-37
meta-data#SN_APPID
ADDED from src\main\AndroidManifest.xml:49:9-51:46
	android:value
		ADDED from src\main\AndroidManifest.xml:51:13-43
	android:name
		ADDED from src\main\AndroidManifest.xml:50:13-36
meta-data#SN_APPKEY
ADDED from src\main\AndroidManifest.xml:53:9-55:47
	android:value
		ADDED from src\main\AndroidManifest.xml:55:13-44
	android:name
		ADDED from src\main\AndroidManifest.xml:54:13-37
activity#com.umeng.socialize.media.WBShareCallBackActivity
ADDED from src\main\AndroidManifest.xml:60:9-64:40
	android:exported
		ADDED from src\main\AndroidManifest.xml:64:13-37
	android:configChanges
		ADDED from src\main\AndroidManifest.xml:62:13-63
	android:theme
		ADDED from src\main\AndroidManifest.xml:63:13-72
	android:name
		ADDED from src\main\AndroidManifest.xml:61:13-77
activity#com.sina.weibo.sdk.web.WeiboSdkWebActivity
ADDED from src\main\AndroidManifest.xml:66:9-69:58
	android:windowSoftInputMode
		ADDED from src\main\AndroidManifest.xml:69:13-55
	android:exported
		ADDED from src\main\AndroidManifest.xml:68:13-37
	android:configChanges
		ADDED from src\main\AndroidManifest.xml:67:13-63
	android:name
		ADDED from src\main\AndroidManifest.xml:66:19-76
activity#com.sina.weibo.sdk.share.WbShareTransActivity
ADDED from src\main\AndroidManifest.xml:71:9-79:20
	android:launchMode
		ADDED from src\main\AndroidManifest.xml:73:13-44
	android:theme
		ADDED from src\main\AndroidManifest.xml:72:13-83
	android:name
		ADDED from src\main\AndroidManifest.xml:74:13-73
intent-filter#action:name:com.sina.weibo.sdk.action.ACTION_SDK_REQ_ACTIVITY+category:name:android.intent.category.DEFAULT
ADDED from src\main\AndroidManifest.xml:75:13-78:29
action#com.sina.weibo.sdk.action.ACTION_SDK_REQ_ACTIVITY
ADDED from src\main\AndroidManifest.xml:76:17-92
	android:name
		ADDED from src\main\AndroidManifest.xml:76:25-89
category#android.intent.category.DEFAULT
ADDED from src\main\AndroidManifest.xml:77:17-76
	android:name
		ADDED from src\main\AndroidManifest.xml:77:27-73
activity#com.tencent.tauth.AuthActivity
ADDED from src\main\AndroidManifest.xml:82:9-92:20
	android:launchMode
		ADDED from src\main\AndroidManifest.xml:84:13-44
	android:noHistory
		ADDED from src\main\AndroidManifest.xml:85:13-37
	android:name
		ADDED from src\main\AndroidManifest.xml:83:13-58
intent-filter#action:name:android.intent.action.VIEW+category:name:android.intent.category.BROWSABLE+category:name:android.intent.category.DEFAULT+data:scheme:tencentQQ_APPID_VALUE
ADDED from src\main\AndroidManifest.xml:86:13-91:29
action#android.intent.action.VIEW
ADDED from src\main\AndroidManifest.xml:87:17-69
	android:name
		ADDED from src\main\AndroidManifest.xml:87:25-66
category#android.intent.category.BROWSABLE
ADDED from src\main\AndroidManifest.xml:89:17-78
	android:name
		ADDED from src\main\AndroidManifest.xml:89:27-75
data
ADDED from src\main\AndroidManifest.xml:90:17-95
	android:scheme
		ADDED from src\main\AndroidManifest.xml:90:23-61
	tools:ignore
		ADDED from src\main\AndroidManifest.xml:90:62-92
activity#com.tencent.connect.common.AssistActivity
ADDED from src\main\AndroidManifest.xml:94:9-97:76
	android:configChanges
		ADDED from src\main\AndroidManifest.xml:97:13-74
	android:theme
		ADDED from src\main\AndroidManifest.xml:96:13-72
	android:name
		ADDED from src\main\AndroidManifest.xml:95:13-69
activity#com.hjq.demo.wxapi.WXEntryActivity
ADDED from src\main\AndroidManifest.xml:100:9-104:75
	android:exported
		ADDED from src\main\AndroidManifest.xml:103:13-36
	android:configChanges
		ADDED from src\main\AndroidManifest.xml:102:13-74
	android:theme
		ADDED from src\main\AndroidManifest.xml:104:13-72
	android:name
		ADDED from src\main\AndroidManifest.xml:101:13-62
uses-sdk
INJECTED from src\main\AndroidManifest.xml reason: use-sdk injection requested
INJECTED from src\main\AndroidManifest.xml
INJECTED from src\main\AndroidManifest.xml
INJECTED from src\main\AndroidManifest.xml
INJECTED from src\main\AndroidManifest.xml
	android:targetSdkVersion
		INJECTED from src\main\AndroidManifest.xml
		ADDED from src\main\AndroidManifest.xml
		INJECTED from src\main\AndroidManifest.xml
	android:minSdkVersion
		INJECTED from src\main\AndroidManifest.xml
		ADDED from src\main\AndroidManifest.xml
		INJECTED from src\main\AndroidManifest.xml